<?xml version="1.0" encoding="utf-8" ?>
<testsuites>
  <test-suite name="SearchForCinema" hostname="" tests="3" errors="0" failures="0" time="10.31" timestamp="Thu, 24 Nov 2016 11:16:29 GMT" skipped="0">
    <properties>
      <property name="group" value=""></property>
      <property name="tags" value="test"></property>
    </properties>
    <testcase name="SearchForCinema" time="8.892" failure="0" errors="0" assertions="2">
      <pass message="Url:http://www.think.eu// expected after 20 milliseconds.">sdf.</pass>
      <pass message="Element body was visible after 125 milliseconds.">sdf</pass>
    </testcase>
  </test-suite>
</testsuites>
