<?xml version="1.0" encoding="utf-8" ?>
<testsuites>
  <test-suite name="SearchForFilm" hostname="" tests="1" errors="0" failures="0" time="9.956" timestamp="Thu, 24 Nov 2016 11:24:08 GMT" skipped="0">
    <properties>
      <property name="group" value=""></property>
      <property name="tags" value="test"></property>
    </properties>
    <testcase name="SearchForFantasticBeasts" time="9.956" failure="0" errors="0" assertions="2">
      <pass message="Url:http://www.think.eu// expected after 25 milliseconds.">Url:http://www.think.eu// expected after 25 milliseconds.</pass>
      <pass message="Element &lt;body&gt; was visible after 139 milliseconds.">Element &lt;body&gt; was visible after 139 milliseconds.</pass>
    </testcase>
  </test-suite>
  <test-suite name="SearchForOffer" hostname="" tests="1" errors="0" failures="0" time="7.074" timestamp="Thu, 24 Nov 2016 11:24:18 GMT" skipped="0">
    <properties>
      <property name="group" value=""></property>
      <property name="tags" value="test"></property>
    </properties>
    <testcase name="SearchForSuperTuesday" time="7.074" failure="0" errors="0" assertions="2">
      <pass message="Url:http://www.think.eu// expected after 22 milliseconds.">Url:http://www.think.eu// expected after 22 milliseconds.</pass>
      <pass message="Element &lt;body&gt; was visible after 76 milliseconds.">Element &lt;body&gt; was visible after 76 milliseconds.</pass>
    </testcase>
  </test-suite>
</testsuites>
